<?xml version="1.0" encoding="UTF-8"?>
<!-- Generated by org.testng.reporters.JUnitReportReporter -->
<testsuite skipped="2" hostname="Sarath-PC" name="org.bookMyShow.qa.testcases.SeatSelectionTests" tests="2" failures="0" timestamp="07 Jun 2018 07:20:08 GMT" time="0.001" errors="0">
  <testcase name="selectNoOfSeat" time="0.001" classname="org.bookMyShow.qa.testcases.SeatSelectionTests">
    <skipped/>
  </testcase> <!-- selectNoOfSeat -->
  <testcase name="selectseat" time="0.000" classname="org.bookMyShow.qa.testcases.SeatSelectionTests">
    <skipped/>
  </testcase> <!-- selectseat -->
</testsuite> <!-- org.bookMyShow.qa.testcases.SeatSelectionTests -->
