<?xml version="1.0" encoding="UTF-8"?>
<!-- Generated by org.testng.reporters.JUnitReportReporter -->
<testsuite skipped="2" hostname="Sarath-PC" name="org.bookMyShow.qa.testcases.SelectMovieTimingsTests" tests="2" failures="0" timestamp="07 Jun 2018 07:20:08 GMT" time="0.000" errors="0">
  <testcase name="selectdate" time="0.000" classname="org.bookMyShow.qa.testcases.SelectMovieTimingsTests">
    <skipped/>
  </testcase> <!-- selectdate -->
  <testcase name="selectTheatreTiming" time="0.000" classname="org.bookMyShow.qa.testcases.SelectMovieTimingsTests">
    <skipped/>
  </testcase> <!-- selectTheatreTiming -->
</testsuite> <!-- org.bookMyShow.qa.testcases.SelectMovieTimingsTests -->
