<?xml version="1.0" encoding="UTF-8"?>
<!-- Generated by org.testng.reporters.JUnitReportReporter -->
<testsuite skipped="1" hostname="Sarath-PC" name="org.bookMyShow.qa.testcases.LoginTests" tests="1" failures="0" timestamp="07 Jun 2018 07:20:08 GMT" time="0.000" errors="0">
  <testcase name="logincheck" time="0.000" classname="org.bookMyShow.qa.testcases.LoginTests">
    <skipped/>
  </testcase> <!-- logincheck -->
</testsuite> <!-- org.bookMyShow.qa.testcases.LoginTests -->
